
> dev:server
> npm run dev --workspace server


> collection-monitoring-server@1.0.0 dev
> tsx watch src/index.ts

Server running at http://localhost:4000
11:15:50 AM [tsx] change in ./src\routes\loans.ts Restarting...
cServer running at http://localhost:4000
11:16:13 AM [tsx] change in ./src\routes\loans.ts Restarting...
cServer running at http://localhost:4000
11:16:40 AM [tsx] change in ./src\routes\loans.ts Restarting...
cServer running at http://localhost:4000
11:28:28 AM [tsx] change in ./src\routes\loans.ts Restarting...
cServer running at http://localhost:4000
11:36:53 AM [tsx] change in ./src\routes\borrowers.ts Restarting...
cServer running at http://localhost:4000
11:37:01 AM [tsx] change in ./src\routes\loans.ts Restarting...
cServer running at http://localhost:4000
11:38:29 AM [tsx] change in ./src\routes\loans.ts Restarting...
cServer running at http://localhost:4000
11:42:33 AM [tsx] change in ./src\routes\borrowers.ts Restarting...
cServer running at http://localhost:4000
11:42:46 AM [tsx] change in ./src\routes\loans.ts Restarting...
cServer running at http://localhost:4000
1:14:43 PM [tsx] change in ./src\routes\loans.ts Restarting...
cServer running at http://localhost:4000
1:16:34 PM [tsx] change in ./src\routes\loans.ts Restarting...
cServer running at http://localhost:4000
1:17:02 PM [tsx] change in ./src\routes\loans.ts Restarting...
cServer running at http://localhost:4000
1:17:06 PM [tsx] change in ./src\routes\loans.ts Restarting...
cServer running at http://localhost:4000
1:18:09 PM [tsx] change in ./src\routes\loans.ts Restarting...
cServer running at http://localhost:4000
3:18:39 PM [tsx] change in ./src\routes\loans.ts Restarting...
cServer running at http://localhost:4000
